<?xml version="1.0" encoding="UTF-8"?>
<!-- Generated by org.testng.reporters.JUnitReportReporter -->
<testsuite hostname="LAPTOP-P32VS1VO" failures="0" tests="1" name="projectIRTC.Hotel" time="18.576" errors="0" timestamp="2023-10-17T08:18:12 IST" skipped="0">
  <testcase classname="projectIRTC.Hotel" name="buses" time="18.576"/>
</testsuite> <!-- projectIRTC.Hotel -->
